#-----------------------------------------------------------
# Vivado v2025.1 (64-bit)
# SW Build 6140274 on Thu May 22 00:12:29 MDT 2025
# IP Build 6138677 on Thu May 22 03:10:11 MDT 2025
# SharedData Build 6139179 on Tue May 20 17:58:58 MDT 2025
# Start of session at: Mon Jan 19 22:13:15 2026
# Process ID         : 54880
# Current directory  : D:/HDL_Environment
# Command line       : vivado.exe -mode tcl -source src/run_vivado.tcl D:/HDL_Environment/vivado_gui_logs/vivado_build.jou -log D:/HDL_Environment/vivado_gui_logs/vivado_build.log
# Log file           : D:/HDL_Environment/vivado_gui_logs/vivado_build.log
# Journal file       : D:/HDL_Environment\vivado.jou
# Running On         : LAPTOP-JJKUOBKD
# Platform           : Windows Server 2016 or Windows 10
# Operating System   : 26100
# Processor Detail   : 13th Gen Intel(R) Core(TM) i5-13420H
# CPU Frequency      : 2611 MHz
# CPU Physical cores : 8
# CPU Logical cores  : 12
# Host memory        : 16869 MB
# Swap memory        : 12348 MB
# Total Virtual      : 29217 MB
# Available Virtual  : 10496 MB
#-----------------------------------------------------------
source src/run_vivado.tcl
# create_project -force my_spi_debug ./vivado_proj -part xc7s50csga324-1
ERROR: [Project 1-161] Failed to remove the directory 'D:/HDL_Environment/vivado_proj/my_spi_debug.runs'. The directory might be in use by some other process.
Vivado% 